
> @ignite-ui/docs@1.0.0 build
> build-storybook

info @storybook/react v6.5.12
info 
info => Cleaning outputDir: C:\Users\gabri\Documents\React JS\05-design-system\05-design-system\packages\docs\storybook-static
info => Loading presets
info => Loading custom manager config
info => Compiling manager..
info => Loading custom manager config
[36mvite v3.1.4 [32mbuilding for production...[36m[39m
transforming...
Use of eval is strongly discouraged, as it poses security risks and may cause issues with minification
Use of eval is strongly discouraged, as it poses security risks and may cause issues with minification
Use of eval is strongly discouraged, as it poses security risks and may cause issues with minification
[32m✓[39m 1455 modules transformed.
rendering chunks...
[90m[37m[2mstorybook-static/[22m[90m[39m[32miframe.html                                         [39m [2m13.55 KiB[22m
[90m[37m[2mstorybook-static/[22m[90m[39m[36massets/index.26c182e1.js                            [39m [2m7.21 KiB / gzip: 2.95 KiB[22m
[90m[37m[2mstorybook-static/[22m[90m[39m[90massets/index.26c182e1.js.map                        [39m [2m15.35 KiB[22m
[90m[37m[2mstorybook-static/[22m[90m[39m[36massets/jsx-runtime.c280a5bb.js                      [39m [2m1.06 KiB / gzip: 0.65 KiB[22m
[90m[37m[2mstorybook-static/[22m[90m[39m[90massets/jsx-runtime.c280a5bb.js.map                  [39m [2m2.12 KiB[22m
[90m[37m[2mstorybook-static/[22m[90m[39m[36massets/es.map.constructor.3fc79b4c.js               [39m [2m0.24 KiB / gzip: 0.20 KiB[22m
[90m[37m[2mstorybook-static/[22m[90m[39m[90massets/es.map.constructor.3fc79b4c.js.map           [39m [2m0.75 KiB[22m
[90m[37m[2mstorybook-static/[22m[90m[39m[36massets/string.c35753a2.js                           [39m [2m0.36 KiB / gzip: 0.28 KiB[22m
[90m[37m[2mstorybook-static/[22m[90m[39m[90massets/string.c35753a2.js.map                       [39m [2m1.08 KiB[22m
[90m[37m[2mstorybook-static/[22m[90m[39m[36massets/config.dd5ec2c1.js                           [39m [2m5.87 KiB / gzip: 2.33 KiB[22m
[90m[37m[2mstorybook-static/[22m[90m[39m[90massets/config.dd5ec2c1.js.map                       [39m [2m20.30 KiB[22m
[90m[37m[2mstorybook-static/[22m[90m[39m[36massets/preview.f38f0bf4.js                          [39m [2m0.78 KiB / gzip: 0.49 KiB[22m
[90m[37m[2mstorybook-static/[22m[90m[39m[90massets/preview.f38f0bf4.js.map                      [39m [2m7.27 KiB[22m
[90m[37m[2mstorybook-static/[22m[90m[39m[36massets/make-decorator.27924336.js                   [39m [2m0.84 KiB / gzip: 0.49 KiB[22m
[90m[37m[2mstorybook-static/[22m[90m[39m[90massets/make-decorator.27924336.js.map               [39m [2m2.99 KiB[22m
[90m[37m[2mstorybook-static/[22m[90m[39m[36massets/preview.48855ce3.js                          [39m [2m1.84 KiB / gzip: 0.67 KiB[22m
[90m[37m[2mstorybook-static/[22m[90m[39m[90massets/preview.48855ce3.js.map                      [39m [2m4.19 KiB[22m
[90m[37m[2mstorybook-static/[22m[90m[39m[36massets/preview.b748e8e8.js                          [39m [2m9.52 KiB / gzip: 3.34 KiB[22m
[90m[37m[2mstorybook-static/[22m[90m[39m[90massets/preview.b748e8e8.js.map                      [39m [2m38.45 KiB[22m
[90m[37m[2mstorybook-static/[22m[90m[39m[36massets/preview.0cc4ec53.js                          [39m [2m4.47 KiB / gzip: 1.71 KiB[22m
[90m[37m[2mstorybook-static/[22m[90m[39m[90massets/preview.0cc4ec53.js.map                      [39m [2m16.78 KiB[22m
[90m[37m[2mstorybook-static/[22m[90m[39m[36massets/es.number.to-fixed.770b4ee5.js               [39m [2m1.65 KiB / gzip: 1.00 KiB[22m
[90m[37m[2mstorybook-static/[22m[90m[39m[90massets/es.number.to-fixed.770b4ee5.js.map           [39m [2m8.00 KiB[22m
[90m[37m[2mstorybook-static/[22m[90m[39m[36massets/preview.ba2f69a1.js                          [39m [2m10.17 KiB / gzip: 3.93 KiB[22m
[90m[37m[2mstorybook-static/[22m[90m[39m[90massets/preview.ba2f69a1.js.map                      [39m [2m42.64 KiB[22m
[90m[37m[2mstorybook-static/[22m[90m[39m[36massets/preview.28f049f3.js                          [39m [2m7.96 KiB / gzip: 1.66 KiB[22m
[90m[37m[2mstorybook-static/[22m[90m[39m[90massets/preview.28f049f3.js.map                      [39m [2m16.87 KiB[22m
[90m[37m[2mstorybook-static/[22m[90m[39m[36massets/preview.895c6141.js                          [39m [2m0.33 KiB / gzip: 0.25 KiB[22m
[90m[37m[2mstorybook-static/[22m[90m[39m[90massets/preview.895c6141.js.map                      [39m [2m0.56 KiB[22m
[90m[37m[2mstorybook-static/[22m[90m[39m[36massets/home.stories.f849f8d2.js                     [39m [2m1.19 KiB / gzip: 0.70 KiB[22m
[90m[37m[2mstorybook-static/[22m[90m[39m[90massets/home.stories.f849f8d2.js.map                 [39m [2m1.17 KiB[22m
[90m[37m[2mstorybook-static/[22m[90m[39m[36massets/preview.057def96.js                          [39m [2m26.36 KiB / gzip: 8.32 KiB[22m
[90m[37m[2mstorybook-static/[22m[90m[39m[90massets/preview.057def96.js.map                      [39m [2m102.60 KiB[22m
[90m[37m[2mstorybook-static/[22m[90m[39m[36massets/index.75b2c3cd.js                            [39m [2m0.86 KiB / gzip: 0.46 KiB[22m
[90m[37m[2mstorybook-static/[22m[90m[39m[90massets/index.75b2c3cd.js.map                        [39m [2m2.43 KiB[22m
[90m[37m[2mstorybook-static/[22m[90m[39m[36massets/font-sizes.stories.4548eeca.js               [39m [2m1.32 KiB / gzip: 0.75 KiB[22m
[90m[37m[2mstorybook-static/[22m[90m[39m[90massets/font-sizes.stories.4548eeca.js.map           [39m [2m1.40 KiB[22m
[90m[37m[2mstorybook-static/[22m[90m[39m[36massets/TokensGrid.3d0f5456.js                       [39m [2m1.05 KiB / gzip: 0.53 KiB[22m
[90m[37m[2mstorybook-static/[22m[90m[39m[90massets/TokensGrid.3d0f5456.js.map                   [39m [2m1.88 KiB[22m
[90m[37m[2mstorybook-static/[22m[90m[39m[36massets/colors.stories.04b64ae9.js                   [39m [2m14.73 KiB / gzip: 5.34 KiB[22m
[90m[37m[2mstorybook-static/[22m[90m[39m[90massets/colors.stories.04b64ae9.js.map               [39m [2m151.42 KiB[22m
[90m[37m[2mstorybook-static/[22m[90m[39m[36massets/font-weights.stories.97566146.js             [39m [2m1.31 KiB / gzip: 0.74 KiB[22m
[90m[37m[2mstorybook-static/[22m[90m[39m[90massets/font-weights.stories.97566146.js.map         [39m [2m1.39 KiB[22m
[90m[37m[2mstorybook-static/[22m[90m[39m[36massets/fonts.stories.f8e732f1.js                    [39m [2m1.31 KiB / gzip: 0.74 KiB[22m
[90m[37m[2mstorybook-static/[22m[90m[39m[90massets/fonts.stories.f8e732f1.js.map                [39m [2m1.36 KiB[22m
[90m[37m[2mstorybook-static/[22m[90m[39m[36massets/line-height.stories.aebd26a2.js              [39m [2m1.31 KiB / gzip: 0.74 KiB[22m
[90m[37m[2mstorybook-static/[22m[90m[39m[90massets/line-height.stories.aebd26a2.js.map          [39m [2m1.39 KiB[22m
[90m[37m[2mstorybook-static/[22m[90m[39m[36massets/radii.stories.4c55b513.js                    [39m [2m1.29 KiB / gzip: 0.73 KiB[22m
[90m[37m[2mstorybook-static/[22m[90m[39m[90massets/radii.stories.4c55b513.js.map                [39m [2m1.34 KiB[22m
[90m[37m[2mstorybook-static/[22m[90m[39m[36massets/space.stories.387c7162.js                    [39m [2m1.30 KiB / gzip: 0.74 KiB[22m
[90m[37m[2mstorybook-static/[22m[90m[39m[90massets/space.stories.387c7162.js.map                [39m [2m1.37 KiB[22m
[90m[37m[2mstorybook-static/[22m[90m[39m[36massets/renderDocs.032cfcc2.js                       [39m [2m2.65 KiB / gzip: 1.29 KiB[22m
[90m[37m[2mstorybook-static/[22m[90m[39m[90massets/renderDocs.032cfcc2.js.map                   [39m [2m9.56 KiB[22m
[90m[37m[2mstorybook-static/[22m[90m[39m[36massets/client.97bfef85.js                           [39m [2m0.67 KiB / gzip: 0.42 KiB[22m
[90m[37m[2mstorybook-static/[22m[90m[39m[90massets/client.97bfef85.js.map                       [39m [2m0.89 KiB[22m
[90m[37m[2mstorybook-static/[22m[90m[39m[36massets/index.d679c748.js                            [39m [2m2.49 KiB / gzip: 1.22 KiB[22m
[90m[37m[2mstorybook-static/[22m[90m[39m[90massets/index.d679c748.js.map                        [39m [2m5.96 KiB[22m
[90m[37m[2mstorybook-static/[22m[90m[39m[36massets/es.string.from-code-point.74c53b5b.js        [39m [2m0.52 KiB / gzip: 0.38 KiB[22m
[90m[37m[2mstorybook-static/[22m[90m[39m[90massets/es.string.from-code-point.74c53b5b.js.map    [39m [2m2.13 KiB[22m
[90m[37m[2mstorybook-static/[22m[90m[39m[36massets/es.regexp.flags.ce781b2a.js                  [39m [2m0.60 KiB / gzip: 0.42 KiB[22m
[90m[37m[2mstorybook-static/[22m[90m[39m[90massets/es.regexp.flags.ce781b2a.js.map              [39m [2m2.68 KiB[22m
[90m[37m[2mstorybook-static/[22m[90m[39m[36massets/GlobalScrollAreaStyles-8793ce4a.09f7f0d4.js  [39m [2m10.33 KiB / gzip: 2.36 KiB[22m
[90m[37m[2mstorybook-static/[22m[90m[39m[90massets/GlobalScrollAreaStyles-8793ce4a.09f7f0d4.js.map[39m [2m20.53 KiB[22m
[90m[37m[2mstorybook-static/[22m[90m[39m[36massets/Button.stories.69024fcd.js                   [39m [2m18.40 KiB / gzip: 7.19 KiB[22m
[90m[37m[2mstorybook-static/[22m[90m[39m[90massets/Button.stories.69024fcd.js.map               [39m [2m41.91 KiB[22m
[90m[37m[2mstorybook-static/[22m[90m[39m[36massets/Color-f953d088.803acd4f.js                   [39m [2m33.86 KiB / gzip: 12.77 KiB[22m
[90m[37m[2mstorybook-static/[22m[90m[39m[90massets/Color-f953d088.803acd4f.js.map               [39m [2m129.69 KiB[22m
[90m[37m[2mstorybook-static/[22m[90m[39m[35massets/TokensGrid.37594f72.css                      [39m [2m0.42 KiB / gzip: 0.22 KiB[22m
[90m[37m[2mstorybook-static/[22m[90m[39m[36massets/WithTooltip-167e9982.ed7b758e.js             [39m [2m40.44 KiB / gzip: 13.54 KiB[22m
[90m[37m[2mstorybook-static/[22m[90m[39m[90massets/WithTooltip-167e9982.ed7b758e.js.map         [39m [2m176.70 KiB[22m
[90m[37m[2mstorybook-static/[22m[90m[39m[36massets/index.ee7b90ec.js                            [39m [2m59.72 KiB / gzip: 21.77 KiB[22m
[90m[37m[2mstorybook-static/[22m[90m[39m[90massets/index.ee7b90ec.js.map                        [39m [2m266.70 KiB[22m
[90m[37m[2mstorybook-static/[22m[90m[39m[36massets/OverlayScrollbars-1355f44c.a2dcb53c.js       [39m [2m63.21 KiB / gzip: 26.82 KiB[22m
[90m[37m[2mstorybook-static/[22m[90m[39m[90massets/OverlayScrollbars-1355f44c.a2dcb53c.js.map   [39m [2m430.79 KiB[22m
[90m[37m[2mstorybook-static/[22m[90m[39m[36massets/index.2fdfcef3.js                            [39m [2m135.69 KiB / gzip: 44.59 KiB[22m
[90m[37m[2mstorybook-static/[22m[90m[39m[90massets/index.2fdfcef3.js.map                        [39m [2m327.51 KiB[22m
[90m[37m[2mstorybook-static/[22m[90m[39m[36massets/syntaxhighlighter-b07b042a.6b2c3e94.js       [39m [2m125.90 KiB / gzip: 47.90 KiB[22m
[90m[37m[2mstorybook-static/[22m[90m[39m[90massets/syntaxhighlighter-b07b042a.6b2c3e94.js.map   [39m [2m456.05 KiB[22m
[90m[37m[2mstorybook-static/[22m[90m[39m[36massets/config.79fb3d58.js                           [39m [2m411.89 KiB / gzip: 119.90 KiB[22m
[90m[37m[2mstorybook-static/[22m[90m[39m[90massets/config.79fb3d58.js.map                       [39m [33m1413.10 KiB[39m
[90m[37m[2mstorybook-static/[22m[90m[39m[36massets/Props.8f8e0057.js                            [39m [2m411.48 KiB / gzip: 121.21 KiB[22m
[90m[37m[2mstorybook-static/[22m[90m[39m[90massets/Props.8f8e0057.js.map                        [39m [33m880.33 KiB[39m
[90m[37m[2mstorybook-static/[22m[90m[39m[36massets/iframe.02691605.js                           [39m [33m504.87 KiB / gzip: 140.64 KiB[39m
[90m[37m[2mstorybook-static/[22m[90m[39m[90massets/iframe.02691605.js.map                       [39m [33m1393.16 KiB[39m
[90m[37m[2mstorybook-static/[22m[90m[39m[36massets/formatter-0d5cb0eb.659f9f14.js               [39m [33m740.90 KiB / gzip: 234.00 KiB[39m
[90m[37m[2mstorybook-static/[22m[90m[39m[90massets/formatter-0d5cb0eb.659f9f14.js.map           [39m [33m1741.88 KiB[39m
[33m
(!) Some chunks are larger than 500 KiB after minification. Consider:
- Using dynamic import() to code-split the application
- Use build.rollupOptions.output.manualChunks to improve chunking: https://rollupjs.org/guide/en/#outputmanualchunks
- Adjust chunk size limit for this warning via build.chunkSizeWarningLimit.[39m
info => Manager built (1.92 min)
info => Output directory: C:\Users\gabri\Documents\React JS\05-design-system\05-design-system\packages\docs\storybook-static
